<?xml version="1.0" encoding="UTF-8"?>
<testsuite xmlns:xsi="http://www.w3.org/2001/XMLSchema-instance" xsi:noNamespaceSchemaLocation="https://maven.apache.org/surefire/maven-surefire-plugin/xsd/surefire-test-report-3.0.xsd" version="3.0" name="com.guaranius.pooii.jpa.SteamAppApplicationTests" time="7.741" tests="1" errors="0" skipped="0" failures="0">
  <properties>
[...]
</properties>
  <testcase name="contextLoads" classname="com.guaranius.pooii.jpa.SteamAppApplicationTests" time="0.4">
    <system-out><![CDATA[07:28:45.137 [main] INFO org.springframework.test.context.support.AnnotationConfigContextLoaderUtils -- Could not detect default configuration classes for test class [com.guaranius.pooii.jpa.SteamAppApplicationTests]: SteamAppApplicationTests does not declare any static, non-private, non-final, nested classes annotated with @Configuration.
07:28:45.288 [main] INFO org.springframework.boot.test.context.SpringBootTestContextBootstrapper -- Found @SpringBootConfiguration com.guaranius.pooii.jpa.SteamAppApplication for test class com.guaranius.pooii.jpa.SteamAppApplicationTests

  .   ____          _            __ _ _
 /\\ / ___'_ __ _ _(_)_ __  __ _ \ \ \ \
( ( )\___ | '_ | '_| | '_ \/ _` | \ \ \ \
 \\/  ___)| |_)| | | | | || (_| |  ) ) ) )
  '  |____| .__|_| |_|_| |_\__, | / / / /
 =========|_|==============|___/=/_/_/_/

 :: Spring Boot ::                (v3.3.6)

2024-11-26T07:28:45.789-03:00  INFO 18868 --- [AppSteam] [           main] c.g.pooii.jpa.SteamAppApplicationTests   : Starting SteamAppApplicationTests using Java 21.0.4 with PID 18868 (started by Gustavo Antonius in C:\Users\Gustavo Antonius\Documents\JPA_AppSteam)
2024-11-26T07:28:45.791-03:00  INFO 18868 --- [AppSteam] [           main] c.g.pooii.jpa.SteamAppApplicationTests   : No active profile set, falling back to 1 default profile: "default"
2024-11-26T07:28:46.730-03:00  INFO 18868 --- [AppSteam] [           main] .s.d.r.c.RepositoryConfigurationDelegate : Bootstrapping Spring Data JPA repositories in DEFAULT mode.
2024-11-26T07:28:46.817-03:00  INFO 18868 --- [AppSteam] [           main] .s.d.r.c.RepositoryConfigurationDelegate : Finished Spring Data repository scanning in 75 ms. Found 6 JPA repository interfaces.
2024-11-26T07:28:47.539-03:00  INFO 18868 --- [AppSteam] [           main] o.hibernate.jpa.internal.util.LogHelper  : HHH000204: Processing PersistenceUnitInfo [name: default]
2024-11-26T07:28:47.648-03:00  INFO 18868 --- [AppSteam] [           main] org.hibernate.Version                    : HHH000412: Hibernate ORM core version 6.5.3.Final
2024-11-26T07:28:47.684-03:00  INFO 18868 --- [AppSteam] [           main] o.h.c.internal.RegionFactoryInitiator    : HHH000026: Second-level cache disabled
2024-11-26T07:28:48.166-03:00  INFO 18868 --- [AppSteam] [           main] o.s.o.j.p.SpringPersistenceUnitInfo      : No LoadTimeWeaver setup: ignoring JPA class transformer
2024-11-26T07:28:48.198-03:00  INFO 18868 --- [AppSteam] [           main] com.zaxxer.hikari.HikariDataSource       : HikariPool-1 - Starting...
2024-11-26T07:28:48.572-03:00  INFO 18868 --- [AppSteam] [           main] com.zaxxer.hikari.pool.HikariPool        : HikariPool-1 - Added connection com.mysql.cj.jdbc.ConnectionImpl@18faaff6
2024-11-26T07:28:48.572-03:00  INFO 18868 --- [AppSteam] [           main] com.zaxxer.hikari.HikariDataSource       : HikariPool-1 - Start completed.
2024-11-26T07:28:48.665-03:00  WARN 18868 --- [AppSteam] [           main] org.hibernate.orm.deprecation            : HHH90000025: MySQLDialect does not need to be specified explicitly using 'hibernate.dialect' (remove the property setting and it will be selected by default)
2024-11-26T07:28:49.575-03:00  INFO 18868 --- [AppSteam] [           main] o.h.e.t.j.p.i.JtaPlatformInitiator       : HHH000489: No JTA platform available (set 'hibernate.transaction.jta.platform' to enable JTA platform integration)
Hibernate: create table age_range (id bigint not null auto_increment, age_range varchar(255), primary key (id)) engine=InnoDB
Hibernate: create table developer (id bigint not null auto_increment, name varchar(255), nationality varchar(255), primary key (id)) engine=InnoDB
Hibernate: create table game (id bigint not null auto_increment, image varchar(255), name varchar(255), release_date date, id_age_range bigint, id_developer bigint, id_genre bigint, primary key (id)) engine=InnoDB
Hibernate: create table genre (id bigint not null auto_increment, name varchar(255), primary key (id)) engine=InnoDB
Hibernate: create table user (id bigint not null auto_increment, active bit not null, name varchar(255), password varchar(255), username varchar(255), role_id bigint, primary key (id)) engine=InnoDB
Hibernate: create table user_role (id bigint not null auto_increment, code varchar(255), name varchar(255), primary key (id)) engine=InnoDB
Hibernate: alter table user drop index UKqleu8ddawkdltal07p8e6hgva
Hibernate: alter table user add constraint UKqleu8ddawkdltal07p8e6hgva unique (role_id)
Hibernate: alter table game add constraint FKhgvemug4hcrnespj5ru476mh4 foreign key (id_age_range) references age_range (id)
Hibernate: alter table game add constraint FKcdlxbnlm1mep5u7l5avaun4qe foreign key (id_developer) references developer (id)
Hibernate: alter table game add constraint FKb0b08j92jk2g4g6je297hjmu0 foreign key (id_genre) references genre (id)
Hibernate: alter table user add constraint FKn4pb12f3y8ktduy8fnc2xlln1 foreign key (role_id) references user_role (id)
2024-11-26T07:28:50.047-03:00  INFO 18868 --- [AppSteam] [           main] j.LocalContainerEntityManagerFactoryBean : Initialized JPA EntityManagerFactory for persistence unit 'default'
2024-11-26T07:28:50.750-03:00  WARN 18868 --- [AppSteam] [           main] JpaBaseConfiguration$JpaWebConfiguration : spring.jpa.open-in-view is enabled by default. Therefore, database queries may be performed during view rendering. Explicitly configure spring.jpa.open-in-view to disable this warning
2024-11-26T07:28:50.813-03:00  INFO 18868 --- [AppSteam] [           main] eAuthenticationProviderManagerConfigurer : Global AuthenticationManager configured with AuthenticationProvider bean with name authenticationProvider
2024-11-26T07:28:50.813-03:00  WARN 18868 --- [AppSteam] [           main] r$InitializeUserDetailsManagerConfigurer : Global AuthenticationManager configured with an AuthenticationProvider bean. UserDetailsService beans will not be used for username/password login. Consider removing the AuthenticationProvider bean. Alternatively, consider using the UserDetailsService in a manually instantiated DaoAuthenticationProvider.
2024-11-26T07:28:50.995-03:00  WARN 18868 --- [AppSteam] [           main] s.w.s.m.m.a.RequestMappingHandlerMapping : Multiple @RequestMapping annotations found on public org.springframework.web.servlet.ModelAndView com.guaranius.pooii.jpa.controller.AgeRangeController.update(long), but only the first will be used: [@org.springframework.web.bind.annotation.RequestMapping(consumes={}, headers={}, method={}, name="", params={}, path={"/{id}"}, produces={}, value={"/{id}"}), @org.springframework.web.bind.annotation.GetMapping(consumes={}, headers={}, name="", params={}, path={}, produces={}, value={})]
2024-11-26T07:28:51.012-03:00  WARN 18868 --- [AppSteam] [           main] s.w.s.m.m.a.RequestMappingHandlerMapping : Multiple @RequestMapping annotations found on public org.springframework.web.servlet.ModelAndView com.guaranius.pooii.jpa.controller.AgeRangeController.insert(com.guaranius.pooii.jpa.entity.AgeRange), but only the first will be used: [@org.springframework.web.bind.annotation.RequestMapping(consumes={}, headers={}, method={}, name="", params={}, path={"/save"}, produces={}, value={"/save"}), @org.springframework.web.bind.annotation.PostMapping(consumes={}, headers={}, name="", params={}, path={}, produces={}, value={})]
2024-11-26T07:28:51.012-03:00  WARN 18868 --- [AppSteam] [           main] s.w.s.m.m.a.RequestMappingHandlerMapping : Multiple @RequestMapping annotations found on public org.springframework.web.servlet.ModelAndView com.guaranius.pooii.jpa.controller.AgeRangeController.add(), but only the first will be used: [@org.springframework.web.bind.annotation.RequestMapping(consumes={}, headers={}, method={}, name="", params={}, path={"/add"}, produces={}, value={"/add"}), @org.springframework.web.bind.annotation.GetMapping(consumes={}, headers={}, name="", params={}, path={}, produces={}, value={})]
2024-11-26T07:28:51.012-03:00  WARN 18868 --- [AppSteam] [           main] s.w.s.m.m.a.RequestMappingHandlerMapping : Multiple @RequestMapping annotations found on public org.springframework.web.servlet.ModelAndView com.guaranius.pooii.jpa.controller.AgeRangeController.delete(long), but only the first will be used: [@org.springframework.web.bind.annotation.RequestMapping(consumes={}, headers={}, method={}, name="", params={}, path={"/{id}/delete"}, produces={}, value={"/{id}/delete"}), @org.springframework.web.bind.annotation.GetMapping(consumes={}, headers={}, name="", params={}, path={}, produces={}, value={})]
2024-11-26T07:28:51.028-03:00  WARN 18868 --- [AppSteam] [           main] s.w.s.m.m.a.RequestMappingHandlerMapping : Multiple @RequestMapping annotations found on public org.springframework.web.servlet.ModelAndView com.guaranius.pooii.jpa.controller.DeveloperController.update(long), but only the first will be used: [@org.springframework.web.bind.annotation.RequestMapping(consumes={}, headers={}, method={}, name="", params={}, path={"/{id}"}, produces={}, value={"/{id}"}), @org.springframework.web.bind.annotation.GetMapping(consumes={}, headers={}, name="", params={}, path={}, produces={}, value={})]
2024-11-26T07:28:51.028-03:00  WARN 18868 --- [AppSteam] [           main] s.w.s.m.m.a.RequestMappingHandlerMapping : Multiple @RequestMapping annotations found on public org.springframework.web.servlet.ModelAndView com.guaranius.pooii.jpa.controller.DeveloperController.insert(com.guaranius.pooii.jpa.entity.Developer), but only the first will be used: [@org.springframework.web.bind.annotation.RequestMapping(consumes={}, headers={}, method={}, name="", params={}, path={"/save"}, produces={}, value={"/save"}), @org.springframework.web.bind.annotation.PostMapping(consumes={}, headers={}, name="", params={}, path={}, produces={}, value={})]
2024-11-26T07:28:51.028-03:00  WARN 18868 --- [AppSteam] [           main] s.w.s.m.m.a.RequestMappingHandlerMapping : Multiple @RequestMapping annotations found on public org.springframework.web.servlet.ModelAndView com.guaranius.pooii.jpa.controller.DeveloperController.add(), but only the first will be used: [@org.springframework.web.bind.annotation.RequestMapping(consumes={}, headers={}, method={}, name="", params={}, path={"/add"}, produces={}, value={"/add"}), @org.springframework.web.bind.annotation.GetMapping(consumes={}, headers={}, name="", params={}, path={}, produces={}, value={})]
2024-11-26T07:28:51.028-03:00  WARN 18868 --- [AppSteam] [           main] s.w.s.m.m.a.RequestMappingHandlerMapping : Multiple @RequestMapping annotations found on public org.springframework.web.servlet.ModelAndView com.guaranius.pooii.jpa.controller.DeveloperController.delete(long), but only the first will be used: [@org.springframework.web.bind.annotation.RequestMapping(consumes={}, headers={}, method={}, name="", params={}, path={"/{id}/delete"}, produces={}, value={"/{id}/delete"}), @org.springframework.web.bind.annotation.GetMapping(consumes={}, headers={}, name="", params={}, path={}, produces={}, value={})]
2024-11-26T07:28:51.028-03:00  WARN 18868 --- [AppSteam] [           main] s.w.s.m.m.a.RequestMappingHandlerMapping : Multiple @RequestMapping annotations found on public org.springframework.web.servlet.ModelAndView com.guaranius.pooii.jpa.controller.GameController.update(long), but only the first will be used: [@org.springframework.web.bind.annotation.RequestMapping(consumes={}, headers={}, method={}, name="", params={}, path={"/{id}"}, produces={}, value={"/{id}"}), @org.springframework.web.bind.annotation.GetMapping(consumes={}, headers={}, name="", params={}, path={}, produces={}, value={})]
2024-11-26T07:28:51.028-03:00  WARN 18868 --- [AppSteam] [           main] s.w.s.m.m.a.RequestMappingHandlerMapping : Multiple @RequestMapping annotations found on public org.springframework.web.servlet.ModelAndView com.guaranius.pooii.jpa.controller.GameController.insert(com.guaranius.pooii.jpa.entity.Game), but only the first will be used: [@org.springframework.web.bind.annotation.RequestMapping(consumes={}, headers={}, method={}, name="", params={}, path={"/save"}, produces={}, value={"/save"}), @org.springframework.web.bind.annotation.PostMapping(consumes={}, headers={}, name="", params={}, path={}, produces={}, value={})]
2024-11-26T07:28:51.028-03:00  WARN 18868 --- [AppSteam] [           main] s.w.s.m.m.a.RequestMappingHandlerMapping : Multiple @RequestMapping annotations found on public org.springframework.web.servlet.ModelAndView com.guaranius.pooii.jpa.controller.GameController.add(), but only the first will be used: [@org.springframework.web.bind.annotation.RequestMapping(consumes={}, headers={}, method={}, name="", params={}, path={"/add"}, produces={}, value={"/add"}), @org.springframework.web.bind.annotation.GetMapping(consumes={}, headers={}, name="", params={}, path={}, produces={}, value={})]
2024-11-26T07:28:51.028-03:00  WARN 18868 --- [AppSteam] [           main] s.w.s.m.m.a.RequestMappingHandlerMapping : Multiple @RequestMapping annotations found on public org.springframework.web.servlet.ModelAndView com.guaranius.pooii.jpa.controller.GameController.delete(long), but only the first will be used: [@org.springframework.web.bind.annotation.RequestMapping(consumes={}, headers={}, method={}, name="", params={}, path={"/{id}/delete"}, produces={}, value={"/{id}/delete"}), @org.springframework.web.bind.annotation.GetMapping(consumes={}, headers={}, name="", params={}, path={}, produces={}, value={})]
2024-11-26T07:28:51.028-03:00  WARN 18868 --- [AppSteam] [           main] s.w.s.m.m.a.RequestMappingHandlerMapping : Multiple @RequestMapping annotations found on public org.springframework.web.servlet.ModelAndView com.guaranius.pooii.jpa.controller.GenreController.update(long), but only the first will be used: [@org.springframework.web.bind.annotation.RequestMapping(consumes={}, headers={}, method={}, name="", params={}, path={"/{id}"}, produces={}, value={"/{id}"}), @org.springframework.web.bind.annotation.GetMapping(consumes={}, headers={}, name="", params={}, path={}, produces={}, value={})]
2024-11-26T07:28:51.028-03:00  WARN 18868 --- [AppSteam] [           main] s.w.s.m.m.a.RequestMappingHandlerMapping : Multiple @RequestMapping annotations found on public org.springframework.web.servlet.ModelAndView com.guaranius.pooii.jpa.controller.GenreController.insert(com.guaranius.pooii.jpa.entity.Genre), but only the first will be used: [@org.springframework.web.bind.annotation.RequestMapping(consumes={}, headers={}, method={}, name="", params={}, path={"/save"}, produces={}, value={"/save"}), @org.springframework.web.bind.annotation.PostMapping(consumes={}, headers={}, name="", params={}, path={}, produces={}, value={})]
2024-11-26T07:28:51.028-03:00  WARN 18868 --- [AppSteam] [           main] s.w.s.m.m.a.RequestMappingHandlerMapping : Multiple @RequestMapping annotations found on public org.springframework.web.servlet.ModelAndView com.guaranius.pooii.jpa.controller.GenreController.add(), but only the first will be used: [@org.springframework.web.bind.annotation.RequestMapping(consumes={}, headers={}, method={}, name="", params={}, path={"/add"}, produces={}, value={"/add"}), @org.springframework.web.bind.annotation.GetMapping(consumes={}, headers={}, name="", params={}, path={}, produces={}, value={})]
2024-11-26T07:28:51.028-03:00  WARN 18868 --- [AppSteam] [           main] s.w.s.m.m.a.RequestMappingHandlerMapping : Multiple @RequestMapping annotations found on public org.springframework.web.servlet.ModelAndView com.guaranius.pooii.jpa.controller.GenreController.delete(long), but only the first will be used: [@org.springframework.web.bind.annotation.RequestMapping(consumes={}, headers={}, method={}, name="", params={}, path={"/{id}/delete"}, produces={}, value={"/{id}/delete"}), @org.springframework.web.bind.annotation.GetMapping(consumes={}, headers={}, name="", params={}, path={}, produces={}, value={})]
2024-11-26T07:28:51.028-03:00  WARN 18868 --- [AppSteam] [           main] s.w.s.m.m.a.RequestMappingHandlerMapping : Multiple @RequestMapping annotations found on public org.springframework.web.servlet.ModelAndView com.guaranius.pooii.jpa.controller.UserController.update(long), but only the first will be used: [@org.springframework.web.bind.annotation.RequestMapping(consumes={}, headers={}, method={}, name="", params={}, path={"/{id}"}, produces={}, value={"/{id}"}), @org.springframework.web.bind.annotation.GetMapping(consumes={}, headers={}, name="", params={}, path={}, produces={}, value={})]
2024-11-26T07:28:51.028-03:00  WARN 18868 --- [AppSteam] [           main] s.w.s.m.m.a.RequestMappingHandlerMapping : Multiple @RequestMapping annotations found on public org.springframework.web.servlet.ModelAndView com.guaranius.pooii.jpa.controller.UserController.insert(com.guaranius.pooii.jpa.entity.User), but only the first will be used: [@org.springframework.web.bind.annotation.RequestMapping(consumes={}, headers={}, method={}, name="", params={}, path={"/save"}, produces={}, value={"/save"}), @org.springframework.web.bind.annotation.PostMapping(consumes={}, headers={}, name="", params={}, path={}, produces={}, value={})]
2024-11-26T07:28:51.028-03:00  WARN 18868 --- [AppSteam] [           main] s.w.s.m.m.a.RequestMappingHandlerMapping : Multiple @RequestMapping annotations found on public org.springframework.web.servlet.ModelAndView com.guaranius.pooii.jpa.controller.UserController.add(), but only the first will be used: [@org.springframework.web.bind.annotation.RequestMapping(consumes={}, headers={}, method={}, name="", params={}, path={"/add"}, produces={}, value={"/add"}), @org.springframework.web.bind.annotation.GetMapping(consumes={}, headers={}, name="", params={}, path={}, produces={}, value={})]
2024-11-26T07:28:51.028-03:00  WARN 18868 --- [AppSteam] [           main] s.w.s.m.m.a.RequestMappingHandlerMapping : Multiple @RequestMapping annotations found on public org.springframework.web.servlet.ModelAndView com.guaranius.pooii.jpa.controller.UserController.delete(long), but only the first will be used: [@org.springframework.web.bind.annotation.RequestMapping(consumes={}, headers={}, method={}, name="", params={}, path={"/{id}/delete"}, produces={}, value={"/{id}/delete"}), @org.springframework.web.bind.annotation.GetMapping(consumes={}, headers={}, name="", params={}, path={}, produces={}, value={})]
2024-11-26T07:28:51.309-03:00  WARN 18868 --- [AppSteam] [           main] o.s.s.c.a.web.builders.WebSecurity       : You are asking Spring Security to ignore Deferred [Mvc [pattern='/css/**'], Ant [pattern='/css/**']]. This is not recommended -- please use permitAll via HttpSecurity#authorizeHttpRequests instead.
2024-11-26T07:28:51.309-03:00  WARN 18868 --- [AppSteam] [           main] o.s.s.c.a.web.builders.WebSecurity       : You are asking Spring Security to ignore Deferred [Mvc [pattern='/js/**'], Ant [pattern='/js/**']]. This is not recommended -- please use permitAll via HttpSecurity#authorizeHttpRequests instead.
2024-11-26T07:28:51.309-03:00  WARN 18868 --- [AppSteam] [           main] o.s.s.c.a.web.builders.WebSecurity       : You are asking Spring Security to ignore Deferred [Mvc [pattern='/img/**'], Ant [pattern='/img/**']]. This is not recommended -- please use permitAll via HttpSecurity#authorizeHttpRequests instead.
2024-11-26T07:28:51.309-03:00  WARN 18868 --- [AppSteam] [           main] o.s.s.c.a.web.builders.WebSecurity       : You are asking Spring Security to ignore Deferred [Mvc [pattern='/lib/**'], Ant [pattern='/lib/**']]. This is not recommended -- please use permitAll via HttpSecurity#authorizeHttpRequests instead.
2024-11-26T07:28:51.309-03:00  WARN 18868 --- [AppSteam] [           main] o.s.s.c.a.web.builders.WebSecurity       : You are asking Spring Security to ignore Deferred [Mvc [pattern='/favicon.ico'], Ant [pattern='/favicon.ico']]. This is not recommended -- please use permitAll via HttpSecurity#authorizeHttpRequests instead.
Hibernate: select ur1_0.id,ur1_0.code,ur1_0.name from user_role ur1_0
Hibernate: insert into user_role (code,name) values (?,?)
Hibernate: insert into user_role (code,name) values (?,?)
Hibernate: insert into user_role (code,name) values (?,?)
Hibernate: select u1_0.id,u1_0.active,u1_0.name,u1_0.password,u1_0.role_id,u1_0.username from user u1_0
Hibernate: select ur1_0.id,ur1_0.code,ur1_0.name from user_role ur1_0
Hibernate: insert into user (active,name,password,role_id,username) values (?,?,?,?,?)
Hibernate: select ur1_0.id,ur1_0.code,ur1_0.name from user_role ur1_0
Hibernate: insert into user (active,name,password,role_id,username) values (?,?,?,?,?)
Hibernate: select ur1_0.id,ur1_0.code,ur1_0.name from user_role ur1_0
Hibernate: insert into user (active,name,password,role_id,username) values (?,?,?,?,?)
2024-11-26T07:28:52.246-03:00  INFO 18868 --- [AppSteam] [           main] c.g.pooii.jpa.SteamAppApplicationTests   : Started SteamAppApplicationTests in 6.766 seconds (process running for 7.791)
]]></system-out>
    <system-err><![CDATA[WARNING: A Java agent has been loaded dynamically (C:\Users\Gustavo Antonius\.m2\repository\net\bytebuddy\byte-buddy-agent\1.14.19\byte-buddy-agent-1.14.19.jar)
WARNING: If a serviceability tool is in use, please run with -XX:+EnableDynamicAgentLoading to hide this warning
WARNING: If a serviceability tool is not in use, please run with -Djdk.instrument.traceUsage for more information
WARNING: Dynamic loading of agents will be disallowed by default in a future release
]]></system-err>
  </testcase>
</testsuite>